<?xml version="1.0" encoding="UTF-8"?>
<testsuite xmlns:xsi="http://www.w3.org/2001/XMLSchema-instance" xsi:noNamespaceSchemaLocation="https://maven.apache.org/surefire/maven-surefire-plugin/xsd/surefire-test-report-3.0.xsd" version="3.0" name="chess.ClientCommandSenderTest" time="1.662" tests="7" errors="0" skipped="0" failures="0">
  <properties>
[...]
</properties>
  <testcase name="shouldQueueCommandsEvenWhenNotRunning" classname="chess.ClientCommandSenderTest" time="0.144">
    <system-out><![CDATA[✓ [KEYBOARD → QUEUE] Added to keyboard queue: W_MOVEMENT_UP
]]></system-out>
  </testcase>
  <testcase name="shouldHandleJumpCommands" classname="chess.ClientCommandSenderTest" time="0.21">
    <system-out><![CDATA[✓ [KEYBOARD → QUEUE] Added to keyboard queue: W_JUMP
✓ ClientCommandSender started for player: WHITE
Server sender thread started for player: WHITE
✓ [QUEUE → SERVER] Sent to server for validation: W_JUMP
Server sender thread interrupted
Server sender thread stopped
]]></system-out>
  </testcase>
  <testcase name="shouldSendCommandsFromQueue" classname="chess.ClientCommandSenderTest" time="0.214">
    <system-out><![CDATA[✓ [KEYBOARD → QUEUE] Added to keyboard queue: W_MOVEMENT_UP
✓ ClientCommandSender started for player: WHITE
Server sender thread started for player: WHITE
✓ [QUEUE → SERVER] Sent to server for validation: W_MOVEMENT_UP
Server sender thread interrupted
Server sender thread stopped
]]></system-out>
  </testcase>
  <testcase name="shouldHandleMultipleCommands" classname="chess.ClientCommandSenderTest" time="0.309">
    <system-out><![CDATA[✓ [KEYBOARD → QUEUE] Added to keyboard queue: W_MOVEMENT_UP
✓ [KEYBOARD → QUEUE] Added to keyboard queue: W_MOVEMENT_DOWN
✓ [KEYBOARD → QUEUE] Added to keyboard queue: W_SELECT_OR_MOVE
✓ ClientCommandSender started for player: WHITE
Server sender thread started for player: WHITE
✓ [QUEUE → SERVER] Sent to server for validation: W_MOVEMENT_UP
✓ [QUEUE → SERVER] Sent to server for validation: W_MOVEMENT_DOWN
✓ [QUEUE → SERVER] Sent to server for validation: W_SELECT_OR_MOVE
Server sender thread interrupted
Server sender thread stopped
]]></system-out>
  </testcase>
  <testcase name="shouldHandlePieceSelectionCommands" classname="chess.ClientCommandSenderTest" time="0.315">
    <system-out><![CDATA[✓ [KEYBOARD → QUEUE] Added to keyboard queue: W_SELECT_PIECE_0
✓ [KEYBOARD → QUEUE] Added to keyboard queue: W_SELECT_PIECE_4
✓ ClientCommandSender started for player: WHITE
Server sender thread started for player: WHITE
✓ [QUEUE → SERVER] Sent to server for validation: W_SELECT_PIECE_0
✓ [QUEUE → SERVER] Sent to server for validation: W_SELECT_PIECE_4
Server sender thread interrupted
Server sender thread stopped
]]></system-out>
  </testcase>
  <testcase name="shouldHandleGameControlCommands" classname="chess.ClientCommandSenderTest" time="0.214">
    <system-out><![CDATA[✓ [KEYBOARD → QUEUE] Added to keyboard queue: END_GAME
✓ ClientCommandSender started for player: WHITE
Server sender thread started for player: WHITE
✓ [QUEUE → SERVER] Sent to server for validation: END_GAME
Server sender thread interrupted
Server sender thread stopped
]]></system-out>
  </testcase>
  <testcase name="shouldStartAndStopCorrectly" classname="chess.ClientCommandSenderTest" time="0.219">
    <system-out><![CDATA[✓ ClientCommandSender started for player: WHITE
Server sender thread started for player: WHITE
Server sender thread interrupted
Server sender thread stopped
]]></system-out>
  </testcase>
</testsuite>