<?xml version="1.0" encoding="UTF-8"?>
<testsuite xmlns:xsi="http://www.w3.org/2001/XMLSchema-instance" xsi:noNamespaceSchemaLocation="https://maven.apache.org/surefire/maven-surefire-plugin/xsd/surefire-test-report-3.0.xsd" version="3.0" name="chess.server.ServerChessLogicTest" time="0.175" tests="9" errors="0" skipped="0" failures="0">
  <properties>
[...]
</properties>
  <testcase name="shouldAcceptAllCommandsInRealTime" classname="chess.server.ServerChessLogicTest" time="0.11">
    <system-out><![CDATA[Server board initialized (8x8)
ServerChessLogic initialized
Validating: INVALID_COMMAND
]]></system-out>
  </testcase>
  <testcase name="shouldHandleHoverCommands" classname="chess.server.ServerChessLogicTest" time="0.002">
    <system-out><![CDATA[Server board initialized (8x8)
ServerChessLogic initialized
Validating: W_HOVER_UP
Validating: B_HOVER_DOWN
]]></system-out>
  </testcase>
  <testcase name="shouldValidateBlackPlayerMovementCommands" classname="chess.server.ServerChessLogicTest" time="0.005">
    <system-out><![CDATA[Server board initialized (8x8)
ServerChessLogic initialized
Validating: B_MOVEMENT_UP
Validating: B_MOVEMENT_DOWN
Validating: B_MOVEMENT_LEFT
Validating: B_MOVEMENT_RIGHT
]]></system-out>
  </testcase>
  <testcase name="shouldAllowSimultaneousCommandsFromDifferentPlayers" classname="chess.server.ServerChessLogicTest" time="0.002">
    <system-out><![CDATA[Server board initialized (8x8)
ServerChessLogic initialized
Validating: W_MOVEMENT_UP
Validating: B_MOVEMENT_DOWN
Validating: W_JUMP
Validating: B_JUMP
Validating: W_MOVEMENT_UP
Validating: B_MOVEMENT_DOWN
]]></system-out>
  </testcase>
  <testcase name="shouldParseServerCommandCorrectly" classname="chess.server.ServerChessLogicTest" time="0.01">
    <system-out><![CDATA[Server board initialized (8x8)
ServerChessLogic initialized
]]></system-out>
  </testcase>
  <testcase name="shouldValidatePieceSelectionCommands" classname="chess.server.ServerChessLogicTest" time="0.002">
    <system-out><![CDATA[Server board initialized (8x8)
ServerChessLogic initialized
Validating: W_SELECT_PIECE_0
Validating: W_SELECT_PIECE_7
Validating: B_SELECT_PIECE_2
Validating: B_SELECT_PIECE_5
]]></system-out>
  </testcase>
  <testcase name="shouldHandleGameControlCommands" classname="chess.server.ServerChessLogicTest" time="0.001">
    <system-out><![CDATA[Server board initialized (8x8)
ServerChessLogic initialized
Validating: END_GAME
]]></system-out>
  </testcase>
  <testcase name="shouldValidateSelectOrMoveCommands" classname="chess.server.ServerChessLogicTest" time="0.002">
    <system-out><![CDATA[Server board initialized (8x8)
ServerChessLogic initialized
Validating: W_SELECT_OR_MOVE
Validating: B_SELECT_OR_MOVE
]]></system-out>
  </testcase>
  <testcase name="shouldValidateWhitePlayerMovementCommands" classname="chess.server.ServerChessLogicTest" time="0.006">
    <system-out><![CDATA[Server board initialized (8x8)
ServerChessLogic initialized
Validating: W_MOVEMENT_UP
Validating: W_MOVEMENT_DOWN
Validating: W_MOVEMENT_LEFT
Validating: W_MOVEMENT_RIGHT
]]></system-out>
  </testcase>
</testsuite>