<?xml version="1.0" encoding="UTF-8"?>
<testsuite xmlns:xsi="http://www.w3.org/2001/XMLSchema-instance" xsi:noNamespaceSchemaLocation="https://maven.apache.org/surefire/maven-surefire-plugin/xsd/surefire-test-report-3.0.xsd" version="3.0" name="org.kamatech.chess.ProjectTestSummaryTest" time="0.138" tests="2" errors="0" skipped="0" failures="0">
  <properties>
[...]
</properties>
  <testcase name="shouldHaveComprehensiveTestCoverage" classname="org.kamatech.chess.ProjectTestSummaryTest" time="0.101">
    <system-out><![CDATA[=== KFChess Professional Test Suite Summary ===
Project: KFChess - Real-time Multiplayer Chess
Architecture: Client-Server WebSocket Architecture
Testing: JUnit 5 + Mockito + AssertJ
Client Tests: 14
Server Tests: 9
Total Tests: 23
Status: ✅ PROFESSIONAL GRADE - COMPLETE
]]></system-out>
  </testcase>
  <testcase name="shouldValidateTestFrameworkCapabilities" classname="org.kamatech.chess.ProjectTestSummaryTest" time="0.004">
    <system-out><![CDATA[✅ Test Framework Validation: ALL CAPABILITIES CONFIRMED
]]></system-out>
  </testcase>
</testsuite>